<?xml version="1.0" encoding="UTF-8"?>
<!-- Generated by org.testng.reporters.JUnitReportReporter -->
<testsuite hostname="192.168.1.19" failures="0" tests="2" name="com.test.HomeTailsTest" time="0.279" errors="0" timestamp="2024-12-03T13:13:37 IST" skipped="0">
  <testcase classname="com.test.HomeTailsTest" name="SearchAndGetPrice" time="0.271"/>
  <testcase classname="com.test.HomeTailsTest" name="headtailsTitlevalidation" time="0.008"/>
</testsuite> <!-- com.test.HomeTailsTest -->
